<?xml version="1.0" encoding="UTF-8"?>
<!-- Generated by org.testng.reporters.JUnitXMLReporter -->
<testsuite hostname="Shreyanvi" ignored="0" name="Default test" tests="3" failures="0" timestamp="2022-03-01T23:14:43 IST" time="15.42" errors="0">
  <testcase name="beforeTest" time="4.92" classname="PracticeLog4J.log4j.PracticeDemo"/>
  <testcase name="init" time="0.007" classname="PracticeLog4J.log4j.GenerateLogs"/>
  <testcase name="init2" time="0.006" classname="PracticeLog4J.log4j.GenerateLogs"/>
</testsuite> <!-- Default test -->
