<?xml version="1.0" encoding="UTF-8"?>
<!-- Generated by org.testng.reporters.JUnitXMLReporter -->
<testsuite hostname="Shreyanvi" ignored="0" name="Test" tests="3" failures="0" timestamp="2022-03-01T18:09:23 IST" time="20.029" errors="0">
  <testcase name="beforeTest" time="8.954" classname="PracticeLog4J.log4j.PracticeDemo"/>
  <testcase name="init" time="0.011" classname="PracticeLog4J.log4j.GenerateLogs"/>
  <testcase name="init2" time="0.008" classname="PracticeLog4J.log4j.GenerateLogs"/>
</testsuite> <!-- Test -->
